2025-06-03 14:41:15,732 - dashboard - INFO - Operation: generate_mock_data
2025-06-03 14:41:15,738 - IntegrationManager - INFO - Received prompt: moving average crossover
2025-06-03 14:41:15,743 - IntegrationManager - INFO - Selected strategy: MovingAverageCrossoverStrategy
2025-06-03 14:41:15,746 - IntegrationManager - INFO - Backtest complete. Final value: 9699.945476585784
2025-06-03 14:41:15,751 - IntegrationManager - INFO - Workflow complete. Alerts triggered: 0
2025-06-03 14:41:15,756 - dashboard - INFO - Operation: data_generation_success
2025-06-03 14:44:08,186 - dashboard - ERROR - Error occurred: 'volatility'
2025-06-03 14:44:43,001 - dashboard - INFO - Operation: generate_mock_data
2025-06-03 14:44:43,007 - IntegrationManager - INFO - Received prompt: moving average crossover
2025-06-03 14:44:43,019 - IntegrationManager - INFO - Selected strategy: MovingAverageCrossoverStrategy
2025-06-03 14:44:43,036 - IntegrationManager - INFO - Backtest complete. Final value: 11505.624039130196
2025-06-03 14:44:43,049 - IntegrationManager - INFO - Workflow complete. Alerts triggered: 0
2025-06-03 14:44:43,059 - dashboard - INFO - Operation: data_generation_success
2025-06-03 14:44:43,174 - dashboard - ERROR - Error occurred: 'volatility'
2025-06-03 14:46:32,774 - dashboard - INFO - Operation: generate_mock_data
2025-06-03 14:46:32,794 - IntegrationManager - INFO - Received prompt: moving average crossover
2025-06-03 14:46:32,802 - IntegrationManager - INFO - Selected strategy: MovingAverageCrossoverStrategy
2025-06-03 14:46:32,804 - IntegrationManager - INFO - Backtest complete. Final value: 10930.655004243372
2025-06-03 14:46:32,809 - IntegrationManager - INFO - Workflow complete. Alerts triggered: 0
2025-06-03 14:46:32,817 - dashboard - INFO - Operation: data_generation_success
2025-06-03 14:48:55,045 - dashboard - ERROR - Error occurred: list index out of range
2025-06-03 14:48:55,071 - dashboard - ERROR - Error occurred: list index out of range
2025-06-03 14:48:55,071 - dashboard - ERROR - Error occurred: list index out of range
2025-06-03 14:49:16,891 - dashboard - INFO - Operation: generate_mock_data
2025-06-03 14:49:16,939 - IntegrationManager - INFO - Received prompt: moving average crossover
2025-06-03 14:49:17,008 - IntegrationManager - INFO - Selected strategy: MovingAverageCrossoverStrategy
2025-06-03 14:49:17,020 - IntegrationManager - INFO - Backtest complete. Final value: 10332.93330384196
2025-06-03 14:49:17,029 - IntegrationManager - INFO - Workflow complete. Alerts triggered: 0
2025-06-03 14:49:17,044 - dashboard - INFO - Operation: data_generation_success
2025-06-03 14:49:17,850 - dashboard - ERROR - Error occurred: list index out of range
2025-06-03 14:50:28,854 - dashboard - ERROR - Error occurred: list index out of range
2025-06-03 14:50:28,855 - dashboard - ERROR - Error occurred: list index out of range
2025-06-03 14:59:28,874 - dashboard - INFO - Operation: generate_mock_data
2025-06-03 14:59:28,879 - IntegrationManager - INFO - Received prompt: moving average crossover
2025-06-03 14:59:28,885 - IntegrationManager - INFO - Selected strategy: MovingAverageCrossoverStrategy
2025-06-03 14:59:28,887 - IntegrationManager - INFO - Backtest complete. Final value: 9134.782195015738
2025-06-03 14:59:28,888 - dashboard - ERROR - Error occurred: Insufficient cash to buy.
2025-06-03 15:01:58,197 - dashboard - INFO - Operation: generate_mock_data
2025-06-03 15:01:58,204 - IntegrationManager - INFO - Received prompt: moving average crossover
2025-06-03 15:01:58,205 - IntegrationManager - INFO - Selected strategy: MovingAverageCrossoverStrategy
2025-06-03 15:01:58,210 - IntegrationManager - INFO - Backtest complete. Final value: 10032.370629498186
2025-06-03 15:01:58,218 - IntegrationManager - INFO - Workflow complete. Alerts triggered: 0
2025-06-03 15:01:58,229 - dashboard - INFO - Operation: data_generation_success
2025-06-03 15:01:58,761 - dashboard - ERROR - Error occurred: list index out of range
2025-06-03 15:02:10,282 - dashboard - ERROR - Error occurred: list index out of range
2025-06-03 15:02:13,310 - dashboard - ERROR - Error occurred: list index out of range
2025-06-03 15:02:18,816 - dashboard - ERROR - Error occurred: list index out of range
2025-06-03 15:02:33,467 - dashboard - ERROR - Error occurred: list index out of range
2025-06-03 15:11:52,680 - dashboard - INFO - Operation: generate_mock_data
2025-06-03 15:11:52,687 - IntegrationManager - INFO - Received prompt: moving average crossover
2025-06-03 15:11:52,699 - IntegrationManager - INFO - Selected strategy: MovingAverageCrossoverStrategy
2025-06-03 15:11:52,704 - IntegrationManager - INFO - Backtest complete. Final value: 9871.908401819075
2025-06-03 15:11:52,715 - IntegrationManager - INFO - Workflow complete. Alerts triggered: 0
2025-06-03 15:19:50,353 - dashboard - INFO - Operation: generate_mock_data
2025-06-03 15:20:40,047 - dashboard - INFO - Operation: generate_mock_data
2025-06-03 15:32:29,939 - dashboard - INFO - Operation: generate_mock_data
2025-06-03 15:37:47,660 - dashboard - INFO - Operation: generate_mock_data
