2025-06-03 12:31:59,746 - trading.utils.performance_monitor - WARNING - GPUtil not available. GPU monitoring will be disabled.
2025-06-03 12:32:04,132 - trading.utils.performance_monitor - WARNING - GPU monitoring requested but GPUtil is not available. GPU monitoring will be disabled.
2025-06-03 12:32:06,987 - trading.utils.performance_monitor - WARNING - GPU monitoring requested but GPUtil is not available. GPU monitoring will be disabled.
2025-06-03 12:32:08,022 - trading.utils.performance_monitor - INFO - Performance monitoring started
2025-06-03 12:32:09,056 - trading.utils.performance_monitor - ERROR - Error checking performance issues: 'percent'
2025-06-03 12:32:10,071 - trading.utils.performance_monitor - INFO - Performance monitoring stopped
2025-06-03 12:32:10,113 - trading.utils.performance_monitor - WARNING - GPU monitoring requested but GPUtil is not available. GPU monitoring will be disabled.
2025-06-03 12:32:12,173 - trading.utils.performance_monitor - WARNING - GPU monitoring requested but GPUtil is not available. GPU monitoring will be disabled.
2025-06-03 12:32:13,195 - trading.utils.performance_monitor - INFO - Performance monitoring started
2025-06-03 12:32:14,218 - trading.utils.performance_monitor - ERROR - Error checking performance issues: 'percent'
2025-06-03 12:32:15,233 - trading.utils.performance_monitor - INFO - Performance monitoring stopped
2025-06-03 12:32:15,251 - trading.utils.performance_monitor - WARNING - GPU monitoring requested but GPUtil is not available. GPU monitoring will be disabled.
2025-06-03 12:32:17,320 - trading.utils.performance_monitor - WARNING - GPU monitoring requested but GPUtil is not available. GPU monitoring will be disabled.
2025-06-03 12:32:18,344 - trading.utils.performance_monitor - INFO - Performance monitoring started
2025-06-03 12:32:19,378 - trading.utils.performance_monitor - ERROR - Error checking performance issues: 'percent'
2025-06-03 12:32:21,416 - trading.utils.performance_monitor - ERROR - Error checking performance issues: 'percent'
2025-06-03 12:32:23,442 - trading.utils.performance_monitor - ERROR - Error checking performance issues: 'percent'
2025-06-03 12:32:25,531 - trading.utils.performance_monitor - ERROR - Error checking performance issues: 'percent'
2025-06-03 12:32:26,536 - trading.utils.performance_monitor - INFO - Performance monitoring stopped
2025-06-03 12:32:26,937 - trading.utils.performance_monitor - WARNING - GPU monitoring requested but GPUtil is not available. GPU monitoring will be disabled.
2025-06-03 12:32:29,002 - trading.utils.performance_monitor - WARNING - GPU monitoring requested but GPUtil is not available. GPU monitoring will be disabled.
2025-06-03 12:32:30,051 - trading.utils.performance_monitor - WARNING - GPU monitoring requested but GPUtil is not available. GPU monitoring will be disabled.
2025-06-03 12:32:32,124 - trading.utils.performance_monitor - WARNING - GPU monitoring requested but GPUtil is not available. GPU monitoring will be disabled.
