2025-06-03 12:36:21,242 - trading.utils.performance_monitor - WARNING - GPUtil not available. GPU monitoring will be disabled.
2025-06-03 12:36:25,780 - trading.utils.performance_monitor - WARNING - GPU monitoring requested but GPUtil is not available. GPU monitoring will be disabled.
2025-06-03 12:36:28,123 - trading.utils.performance_monitor - WARNING - GPU monitoring requested but GPUtil is not available. GPU monitoring will be disabled.
2025-06-03 12:36:29,149 - trading.utils.performance_monitor - INFO - Performance monitoring started
2025-06-03 12:36:30,169 - trading.utils.performance_monitor - ERROR - Error checking performance issues: 'percent'
2025-06-03 12:36:31,177 - trading.utils.performance_monitor - INFO - Performance monitoring stopped
2025-06-03 12:36:31,198 - trading.utils.performance_monitor - WARNING - GPU monitoring requested but GPUtil is not available. GPU monitoring will be disabled.
2025-06-03 12:36:33,256 - trading.utils.performance_monitor - WARNING - GPU monitoring requested but GPUtil is not available. GPU monitoring will be disabled.
2025-06-03 12:36:34,281 - trading.utils.performance_monitor - INFO - Performance monitoring started
2025-06-03 12:36:35,312 - trading.utils.performance_monitor - ERROR - Error checking performance issues: 'percent'
2025-06-03 12:36:36,319 - trading.utils.performance_monitor - INFO - Performance monitoring stopped
2025-06-03 12:36:36,330 - trading.utils.performance_monitor - WARNING - GPU monitoring requested but GPUtil is not available. GPU monitoring will be disabled.
2025-06-03 12:36:38,387 - trading.utils.performance_monitor - WARNING - GPU monitoring requested but GPUtil is not available. GPU monitoring will be disabled.
2025-06-03 12:36:39,422 - trading.utils.performance_monitor - INFO - Performance monitoring started
2025-06-03 12:36:40,443 - trading.utils.performance_monitor - ERROR - Error checking performance issues: 'percent'
2025-06-03 12:36:42,490 - trading.utils.performance_monitor - ERROR - Error checking performance issues: 'percent'
2025-06-03 12:36:43,505 - trading.utils.performance_monitor - INFO - Performance monitoring stopped
2025-06-03 12:36:43,963 - trading.utils.performance_monitor - WARNING - GPU monitoring requested but GPUtil is not available. GPU monitoring will be disabled.
2025-06-03 12:36:46,035 - trading.utils.performance_monitor - WARNING - GPU monitoring requested but GPUtil is not available. GPU monitoring will be disabled.
2025-06-03 12:36:47,071 - trading.utils.performance_monitor - WARNING - GPU monitoring requested but GPUtil is not available. GPU monitoring will be disabled.
2025-06-03 12:36:49,141 - trading.utils.performance_monitor - WARNING - GPU monitoring requested but GPUtil is not available. GPU monitoring will be disabled.
