2025-06-03 12:37:24,867 - trading.utils.performance_monitor - WARNING - GPUtil not available. GPU monitoring will be disabled.
2025-06-03 12:37:29,509 - trading.utils.performance_monitor - WARNING - GPU monitoring requested but GPUtil is not available. GPU monitoring will be disabled.
2025-06-03 12:37:31,939 - trading.utils.performance_monitor - WARNING - GPU monitoring requested but GPUtil is not available. GPU monitoring will be disabled.
2025-06-03 12:37:33,024 - trading.utils.performance_monitor - INFO - Performance monitoring started
2025-06-03 12:37:34,056 - trading.utils.performance_monitor - ERROR - Error checking performance issues: 'percent'
2025-06-03 12:37:35,066 - trading.utils.performance_monitor - INFO - Performance monitoring stopped
2025-06-03 12:37:35,096 - trading.utils.performance_monitor - WARNING - GPU monitoring requested but GPUtil is not available. GPU monitoring will be disabled.
2025-06-03 12:37:37,158 - trading.utils.performance_monitor - WARNING - GPU monitoring requested but GPUtil is not available. GPU monitoring will be disabled.
2025-06-03 12:37:38,198 - trading.utils.performance_monitor - INFO - Performance monitoring started
2025-06-03 12:37:39,232 - trading.utils.performance_monitor - ERROR - Error checking performance issues: 'percent'
2025-06-03 12:37:40,235 - trading.utils.performance_monitor - INFO - Performance monitoring stopped
2025-06-03 12:37:40,247 - trading.utils.performance_monitor - WARNING - GPU monitoring requested but GPUtil is not available. GPU monitoring will be disabled.
2025-06-03 12:37:42,393 - trading.utils.performance_monitor - WARNING - GPU monitoring requested but GPUtil is not available. GPU monitoring will be disabled.
2025-06-03 12:37:43,414 - trading.utils.performance_monitor - INFO - Performance monitoring started
2025-06-03 12:37:44,435 - trading.utils.performance_monitor - ERROR - Error checking performance issues: 'percent'
2025-06-03 12:37:45,446 - trading.utils.performance_monitor - INFO - Performance monitoring stopped
2025-06-03 12:37:45,762 - trading.utils.performance_monitor - WARNING - GPU monitoring requested but GPUtil is not available. GPU monitoring will be disabled.
2025-06-03 12:37:47,824 - trading.utils.performance_monitor - WARNING - GPU monitoring requested but GPUtil is not available. GPU monitoring will be disabled.
2025-06-03 12:37:48,863 - trading.utils.performance_monitor - WARNING - GPU monitoring requested but GPUtil is not available. GPU monitoring will be disabled.
2025-06-03 12:37:50,907 - trading.utils.performance_monitor - WARNING - GPU monitoring requested but GPUtil is not available. GPU monitoring will be disabled.
