2025-06-03 12:34:01,543 - trading.utils.performance_monitor - WARNING - GPUtil not available. GPU monitoring will be disabled.
2025-06-03 12:34:06,134 - trading.utils.performance_monitor - WARNING - GPU monitoring requested but GPUtil is not available. GPU monitoring will be disabled.
2025-06-03 12:34:08,477 - trading.utils.performance_monitor - WARNING - GPU monitoring requested but GPUtil is not available. GPU monitoring will be disabled.
2025-06-03 12:34:09,510 - trading.utils.performance_monitor - INFO - Performance monitoring started
2025-06-03 12:34:10,529 - trading.utils.performance_monitor - ERROR - Error checking performance issues: 'percent'
2025-06-03 12:34:11,548 - trading.utils.performance_monitor - INFO - Performance monitoring stopped
2025-06-03 12:34:11,567 - trading.utils.performance_monitor - WARNING - GPU monitoring requested but GPUtil is not available. GPU monitoring will be disabled.
2025-06-03 12:34:13,620 - trading.utils.performance_monitor - WARNING - GPU monitoring requested but GPUtil is not available. GPU monitoring will be disabled.
2025-06-03 12:34:14,655 - trading.utils.performance_monitor - INFO - Performance monitoring started
2025-06-03 12:34:15,677 - trading.utils.performance_monitor - ERROR - Error checking performance issues: 'percent'
2025-06-03 12:34:16,679 - trading.utils.performance_monitor - INFO - Performance monitoring stopped
2025-06-03 12:34:16,689 - trading.utils.performance_monitor - WARNING - GPU monitoring requested but GPUtil is not available. GPU monitoring will be disabled.
2025-06-03 12:34:18,741 - trading.utils.performance_monitor - WARNING - GPU monitoring requested but GPUtil is not available. GPU monitoring will be disabled.
2025-06-03 12:34:19,764 - trading.utils.performance_monitor - INFO - Performance monitoring started
2025-06-03 12:34:20,795 - trading.utils.performance_monitor - ERROR - Error checking performance issues: 'percent'
2025-06-03 12:34:21,807 - trading.utils.performance_monitor - INFO - Performance monitoring stopped
2025-06-03 12:34:22,257 - trading.utils.performance_monitor - WARNING - GPU monitoring requested but GPUtil is not available. GPU monitoring will be disabled.
2025-06-03 12:34:24,306 - trading.utils.performance_monitor - WARNING - GPU monitoring requested but GPUtil is not available. GPU monitoring will be disabled.
2025-06-03 12:34:25,347 - trading.utils.performance_monitor - WARNING - GPU monitoring requested but GPUtil is not available. GPU monitoring will be disabled.
2025-06-03 12:34:27,412 - trading.utils.performance_monitor - WARNING - GPU monitoring requested but GPUtil is not available. GPU monitoring will be disabled.
