2025-06-03 12:38:49,394 - trading.utils.performance_monitor - WARNING - GPUtil not available. GPU monitoring will be disabled.
2025-06-03 12:38:58,442 - trading.utils.performance_monitor - WARNING - GPU monitoring requested but GPUtil is not available. GPU monitoring will be disabled.
2025-06-03 12:39:01,664 - trading.utils.performance_monitor - WARNING - GPU monitoring requested but GPUtil is not available. GPU monitoring will be disabled.
2025-06-03 12:39:02,722 - trading.utils.performance_monitor - INFO - Performance monitoring started
2025-06-03 12:39:03,765 - trading.utils.performance_monitor - ERROR - Error checking performance issues: 'percent'
2025-06-03 12:39:04,781 - trading.utils.performance_monitor - INFO - Performance monitoring stopped
2025-06-03 12:39:04,802 - trading.utils.performance_monitor - WARNING - GPU monitoring requested but GPUtil is not available. GPU monitoring will be disabled.
2025-06-03 12:39:06,884 - trading.utils.performance_monitor - WARNING - GPU monitoring requested but GPUtil is not available. GPU monitoring will be disabled.
2025-06-03 12:39:07,929 - trading.utils.performance_monitor - INFO - Performance monitoring started
2025-06-03 12:39:08,966 - trading.utils.performance_monitor - ERROR - Error checking performance issues: 'percent'
2025-06-03 12:39:09,974 - trading.utils.performance_monitor - INFO - Performance monitoring stopped
2025-06-03 12:39:10,005 - trading.utils.performance_monitor - WARNING - GPU monitoring requested but GPUtil is not available. GPU monitoring will be disabled.
2025-06-03 12:39:12,246 - trading.utils.performance_monitor - WARNING - GPU monitoring requested but GPUtil is not available. GPU monitoring will be disabled.
2025-06-03 12:39:13,277 - trading.utils.performance_monitor - INFO - Performance monitoring started
2025-06-03 12:39:14,316 - trading.utils.performance_monitor - ERROR - Error checking performance issues: 'percent'
2025-06-03 12:39:15,320 - trading.utils.performance_monitor - INFO - Performance monitoring stopped
2025-06-03 12:39:15,773 - trading.utils.performance_monitor - WARNING - GPU monitoring requested but GPUtil is not available. GPU monitoring will be disabled.
2025-06-03 12:39:17,856 - trading.utils.performance_monitor - WARNING - GPU monitoring requested but GPUtil is not available. GPU monitoring will be disabled.
2025-06-03 12:39:18,913 - trading.utils.performance_monitor - WARNING - GPU monitoring requested but GPUtil is not available. GPU monitoring will be disabled.
2025-06-03 12:39:21,010 - trading.utils.performance_monitor - WARNING - GPU monitoring requested but GPUtil is not available. GPU monitoring will be disabled.
