2025-06-03 12:34:52,629 - trading.utils.performance_monitor - WARNING - GPUtil not available. GPU monitoring will be disabled.
2025-06-03 12:34:57,144 - trading.utils.performance_monitor - WARNING - GPU monitoring requested but GPUtil is not available. GPU monitoring will be disabled.
2025-06-03 12:34:59,572 - trading.utils.performance_monitor - WARNING - GPU monitoring requested but GPUtil is not available. GPU monitoring will be disabled.
2025-06-03 12:35:00,596 - trading.utils.performance_monitor - INFO - Performance monitoring started
2025-06-03 12:35:01,616 - trading.utils.performance_monitor - ERROR - Error checking performance issues: 'percent'
2025-06-03 12:35:02,619 - trading.utils.performance_monitor - INFO - Performance monitoring stopped
2025-06-03 12:35:02,641 - trading.utils.performance_monitor - WARNING - GPU monitoring requested but GPUtil is not available. GPU monitoring will be disabled.
2025-06-03 12:35:04,702 - trading.utils.performance_monitor - WARNING - GPU monitoring requested but GPUtil is not available. GPU monitoring will be disabled.
2025-06-03 12:35:05,724 - trading.utils.performance_monitor - INFO - Performance monitoring started
2025-06-03 12:35:06,756 - trading.utils.performance_monitor - ERROR - Error checking performance issues: 'percent'
2025-06-03 12:35:07,762 - trading.utils.performance_monitor - INFO - Performance monitoring stopped
2025-06-03 12:35:07,774 - trading.utils.performance_monitor - WARNING - GPU monitoring requested but GPUtil is not available. GPU monitoring will be disabled.
2025-06-03 12:35:09,834 - trading.utils.performance_monitor - WARNING - GPU monitoring requested but GPUtil is not available. GPU monitoring will be disabled.
2025-06-03 12:35:10,868 - trading.utils.performance_monitor - INFO - Performance monitoring started
2025-06-03 12:35:11,889 - trading.utils.performance_monitor - ERROR - Error checking performance issues: 'percent'
2025-06-03 12:35:13,916 - trading.utils.performance_monitor - ERROR - Error checking performance issues: 'percent'
2025-06-03 12:35:14,921 - trading.utils.performance_monitor - INFO - Performance monitoring stopped
2025-06-03 12:35:15,431 - trading.utils.performance_monitor - WARNING - GPU monitoring requested but GPUtil is not available. GPU monitoring will be disabled.
2025-06-03 12:35:17,499 - trading.utils.performance_monitor - WARNING - GPU monitoring requested but GPUtil is not available. GPU monitoring will be disabled.
2025-06-03 12:35:18,547 - trading.utils.performance_monitor - WARNING - GPU monitoring requested but GPUtil is not available. GPU monitoring will be disabled.
2025-06-03 12:35:20,625 - trading.utils.performance_monitor - WARNING - GPU monitoring requested but GPUtil is not available. GPU monitoring will be disabled.
