2025-06-03 12:33:09,215 - trading.utils.performance_monitor - WARNING - GPUtil not available. GPU monitoring will be disabled.
2025-06-03 12:33:13,688 - trading.utils.performance_monitor - WARNING - GPU monitoring requested but GPUtil is not available. GPU monitoring will be disabled.
2025-06-03 12:33:16,077 - trading.utils.performance_monitor - WARNING - GPU monitoring requested but GPUtil is not available. GPU monitoring will be disabled.
2025-06-03 12:33:17,106 - trading.utils.performance_monitor - INFO - Performance monitoring started
2025-06-03 12:33:18,136 - trading.utils.performance_monitor - ERROR - Error checking performance issues: 'percent'
2025-06-03 12:33:19,143 - trading.utils.performance_monitor - INFO - Performance monitoring stopped
2025-06-03 12:33:19,164 - trading.utils.performance_monitor - WARNING - GPU monitoring requested but GPUtil is not available. GPU monitoring will be disabled.
2025-06-03 12:33:21,221 - trading.utils.performance_monitor - WARNING - GPU monitoring requested but GPUtil is not available. GPU monitoring will be disabled.
2025-06-03 12:33:22,249 - trading.utils.performance_monitor - INFO - Performance monitoring started
2025-06-03 12:33:23,282 - trading.utils.performance_monitor - ERROR - Error checking performance issues: 'percent'
2025-06-03 12:33:24,294 - trading.utils.performance_monitor - INFO - Performance monitoring stopped
2025-06-03 12:33:24,306 - trading.utils.performance_monitor - WARNING - GPU monitoring requested but GPUtil is not available. GPU monitoring will be disabled.
2025-06-03 12:33:26,372 - trading.utils.performance_monitor - WARNING - GPU monitoring requested but GPUtil is not available. GPU monitoring will be disabled.
2025-06-03 12:33:27,403 - trading.utils.performance_monitor - INFO - Performance monitoring started
2025-06-03 12:33:28,435 - trading.utils.performance_monitor - ERROR - Error checking performance issues: 'percent'
2025-06-03 12:33:29,437 - trading.utils.performance_monitor - INFO - Performance monitoring stopped
2025-06-03 12:33:29,866 - trading.utils.performance_monitor - WARNING - GPU monitoring requested but GPUtil is not available. GPU monitoring will be disabled.
2025-06-03 12:33:31,943 - trading.utils.performance_monitor - WARNING - GPU monitoring requested but GPUtil is not available. GPU monitoring will be disabled.
2025-06-03 12:33:32,977 - trading.utils.performance_monitor - WARNING - GPU monitoring requested but GPUtil is not available. GPU monitoring will be disabled.
2025-06-03 12:33:35,038 - trading.utils.performance_monitor - WARNING - GPU monitoring requested but GPUtil is not available. GPU monitoring will be disabled.
